[23-Dec-2025 14:55:10 Etc/GMT-3] SQL: SELECT * FROM shared_resources_by_group WHERE resource_type = :resource_type AND resource_id = :resource_id AND group_id = :group_id
[23-Dec-2025 14:55:10 Etc/GMT-3] Params: Array
(
    [:resource_type] => folder
    [:resource_id] => 3
    [:group_id] => 1
)

[23-Dec-2025 14:55:10 Etc/GMT-3] SQL: SELECT * FROM folders WHERE parent_id = :parent_id
[23-Dec-2025 14:55:10 Etc/GMT-3] Params: Array
(
    [:parent_id] => 3
)

[23-Dec-2025 14:55:10 Etc/GMT-3] SQL: SELECT * FROM shared_resources_by_group WHERE resource_type = :resource_type AND resource_id = :resource_id AND group_id = :group_id
[23-Dec-2025 14:55:10 Etc/GMT-3] Params: Array
(
    [:resource_type] => folder
    [:resource_id] => 4
    [:group_id] => 1
)

[23-Dec-2025 14:55:10 Etc/GMT-3] SQL: SELECT * FROM folders WHERE parent_id = :parent_id
[23-Dec-2025 14:55:10 Etc/GMT-3] Params: Array
(
    [:parent_id] => 4
)

[23-Dec-2025 14:55:10 Etc/GMT-3] SQL: SELECT * FROM files WHERE folder_id = :folder_id
[23-Dec-2025 14:55:10 Etc/GMT-3] Params: Array
(
    [:folder_id] => 4
)

[23-Dec-2025 14:55:10 Etc/GMT-3] SQL: SELECT * FROM shared_resources_by_group WHERE resource_type = :resource_type AND resource_id = :resource_id AND group_id = :group_id
[23-Dec-2025 14:55:10 Etc/GMT-3] Params: Array
(
    [:resource_type] => file
    [:resource_id] => 10
    [:group_id] => 1
)

[23-Dec-2025 14:55:10 Etc/GMT-3] SQL: SELECT * FROM files WHERE folder_id = :folder_id
[23-Dec-2025 14:55:10 Etc/GMT-3] Params: Array
(
    [:folder_id] => 3
)

[23-Dec-2025 14:55:10 Etc/GMT-3] SQL: SELECT * FROM shared_resources_by_group WHERE resource_type = :resource_type AND resource_id = :resource_id AND group_id = :group_id
[23-Dec-2025 14:55:10 Etc/GMT-3] Params: Array
(
    [:resource_type] => file
    [:resource_id] => 9
    [:group_id] => 1
)

[23-Dec-2025 14:55:41 Etc/GMT-3] SQL: SELECT * FROM files WHERE folder_id IS NULL AND user_id = :user_id
[23-Dec-2025 14:55:41 Etc/GMT-3] Params: Array
(
    [:user_id] => 4
)

[23-Dec-2025 14:55:41 Etc/GMT-3] SQL: SELECT * FROM folders WHERE parent_id IS NULL AND user_id = :user_id
[23-Dec-2025 14:55:41 Etc/GMT-3] Params: Array
(
    [:user_id] => 4
)

[23-Dec-2025 14:55:41 Etc/GMT-3] SQL: SELECT * FROM shared_folders WHERE shared_with_email = :shared_with_email
[23-Dec-2025 14:55:41 Etc/GMT-3] Params: Array
(
    [:shared_with_email] => test@test.ru
)

[23-Dec-2025 14:55:41 Etc/GMT-3] SQL: SELECT * FROM shared_files WHERE shared_with_email = :shared_with_email
[23-Dec-2025 14:55:41 Etc/GMT-3] Params: Array
(
    [:shared_with_email] => test@test.ru
)

[23-Dec-2025 14:55:47 Etc/GMT-3] SQL: SELECT * FROM shared_folders WHERE folder_id = :folder_id AND shared_with_email = :shared_with_email
[23-Dec-2025 14:55:47 Etc/GMT-3] Params: Array
(
    [:folder_id] => 3
    [:shared_with_email] => test@test.ru
)

[23-Dec-2025 14:55:47 Etc/GMT-3] SQL: SELECT * FROM files WHERE folder_id = :folder_id AND user_id = :user_id
[23-Dec-2025 14:55:47 Etc/GMT-3] Params: Array
(
    [:folder_id] => 3
    [:user_id] => 4
)

[23-Dec-2025 14:55:47 Etc/GMT-3] SQL: SELECT * FROM folders WHERE parent_id = :parent_id AND user_id = :user_id
[23-Dec-2025 14:55:47 Etc/GMT-3] Params: Array
(
    [:parent_id] => 3
    [:user_id] => 4
)

[23-Dec-2025 14:55:47 Etc/GMT-3] SQL: SELECT * FROM shared_folders WHERE shared_with_email = :shared_with_email
[23-Dec-2025 14:55:47 Etc/GMT-3] Params: Array
(
    [:shared_with_email] => test@test.ru
)

[23-Dec-2025 14:55:47 Etc/GMT-3] SQL: SELECT * FROM shared_files WHERE shared_with_email = :shared_with_email
[23-Dec-2025 14:55:47 Etc/GMT-3] Params: Array
(
    [:shared_with_email] => test@test.ru
)

[23-Dec-2025 14:55:47 Etc/GMT-3] SQL: SELECT * FROM files WHERE folder_id = :folder_id
[23-Dec-2025 14:55:47 Etc/GMT-3] Params: Array
(
    [:folder_id] => 3
)

[23-Dec-2025 14:55:47 Etc/GMT-3] SQL: SELECT * FROM folders WHERE parent_id = :parent_id
[23-Dec-2025 14:55:47 Etc/GMT-3] Params: Array
(
    [:parent_id] => 3
)

[23-Dec-2025 14:55:47 Etc/GMT-3] SQL: SELECT * FROM files WHERE folder_id = :folder_id
[23-Dec-2025 14:55:47 Etc/GMT-3] Params: Array
(
    [:folder_id] => 4
)

[23-Dec-2025 14:55:47 Etc/GMT-3] SQL: SELECT * FROM folders WHERE parent_id = :parent_id
[23-Dec-2025 14:55:47 Etc/GMT-3] Params: Array
(
    [:parent_id] => 4
)

[23-Dec-2025 14:55:54 Etc/GMT-3] SQL: SELECT * FROM shared_folders WHERE folder_id = :folder_id AND shared_with_email = :shared_with_email
[23-Dec-2025 14:55:54 Etc/GMT-3] Params: Array
(
    [:folder_id] => 4
    [:shared_with_email] => test@test.ru
)

[23-Dec-2025 14:55:54 Etc/GMT-3] SQL: SELECT * FROM files WHERE folder_id = :folder_id AND user_id = :user_id
[23-Dec-2025 14:55:54 Etc/GMT-3] Params: Array
(
    [:folder_id] => 4
    [:user_id] => 4
)

[23-Dec-2025 14:55:54 Etc/GMT-3] SQL: SELECT * FROM folders WHERE parent_id = :parent_id AND user_id = :user_id
[23-Dec-2025 14:55:54 Etc/GMT-3] Params: Array
(
    [:parent_id] => 4
    [:user_id] => 4
)

[23-Dec-2025 14:55:54 Etc/GMT-3] SQL: SELECT * FROM shared_folders WHERE shared_with_email = :shared_with_email
[23-Dec-2025 14:55:54 Etc/GMT-3] Params: Array
(
    [:shared_with_email] => test@test.ru
)

[23-Dec-2025 14:55:54 Etc/GMT-3] SQL: SELECT * FROM shared_files WHERE shared_with_email = :shared_with_email
[23-Dec-2025 14:55:54 Etc/GMT-3] Params: Array
(
    [:shared_with_email] => test@test.ru
)

[23-Dec-2025 14:55:54 Etc/GMT-3] SQL: SELECT * FROM files WHERE folder_id = :folder_id
[23-Dec-2025 14:55:54 Etc/GMT-3] Params: Array
(
    [:folder_id] => 4
)

[23-Dec-2025 14:55:54 Etc/GMT-3] SQL: SELECT * FROM folders WHERE parent_id = :parent_id
[23-Dec-2025 14:55:54 Etc/GMT-3] Params: Array
(
    [:parent_id] => 4
)

[23-Dec-2025 14:55:58 Etc/GMT-3] SQL: SELECT * FROM shared_folders WHERE folder_id = :folder_id AND shared_with_email = :shared_with_email
[23-Dec-2025 14:55:58 Etc/GMT-3] Params: Array
(
    [:folder_id] => 3
    [:shared_with_email] => test@test.ru
)

[23-Dec-2025 14:55:58 Etc/GMT-3] SQL: SELECT * FROM files WHERE folder_id = :folder_id AND user_id = :user_id
[23-Dec-2025 14:55:58 Etc/GMT-3] Params: Array
(
    [:folder_id] => 3
    [:user_id] => 4
)

[23-Dec-2025 14:55:58 Etc/GMT-3] SQL: SELECT * FROM folders WHERE parent_id = :parent_id AND user_id = :user_id
[23-Dec-2025 14:55:58 Etc/GMT-3] Params: Array
(
    [:parent_id] => 3
    [:user_id] => 4
)

[23-Dec-2025 14:55:58 Etc/GMT-3] SQL: SELECT * FROM shared_folders WHERE shared_with_email = :shared_with_email
[23-Dec-2025 14:55:58 Etc/GMT-3] Params: Array
(
    [:shared_with_email] => test@test.ru
)

[23-Dec-2025 14:55:58 Etc/GMT-3] SQL: SELECT * FROM shared_files WHERE shared_with_email = :shared_with_email
[23-Dec-2025 14:55:58 Etc/GMT-3] Params: Array
(
    [:shared_with_email] => test@test.ru
)

[23-Dec-2025 14:55:58 Etc/GMT-3] SQL: SELECT * FROM files WHERE folder_id = :folder_id
[23-Dec-2025 14:55:58 Etc/GMT-3] Params: Array
(
    [:folder_id] => 3
)

[23-Dec-2025 14:55:58 Etc/GMT-3] SQL: SELECT * FROM folders WHERE parent_id = :parent_id
[23-Dec-2025 14:55:58 Etc/GMT-3] Params: Array
(
    [:parent_id] => 3
)

[23-Dec-2025 14:55:58 Etc/GMT-3] SQL: SELECT * FROM files WHERE folder_id = :folder_id
[23-Dec-2025 14:55:58 Etc/GMT-3] Params: Array
(
    [:folder_id] => 4
)

[23-Dec-2025 14:55:58 Etc/GMT-3] SQL: SELECT * FROM folders WHERE parent_id = :parent_id
[23-Dec-2025 14:55:58 Etc/GMT-3] Params: Array
(
    [:parent_id] => 4
)

[23-Dec-2025 14:56:00 Etc/GMT-3] SQL: SELECT * FROM files WHERE folder_id IS NULL AND user_id = :user_id
[23-Dec-2025 14:56:00 Etc/GMT-3] Params: Array
(
    [:user_id] => 4
)

[23-Dec-2025 14:56:00 Etc/GMT-3] SQL: SELECT * FROM folders WHERE parent_id IS NULL AND user_id = :user_id
[23-Dec-2025 14:56:00 Etc/GMT-3] Params: Array
(
    [:user_id] => 4
)

[23-Dec-2025 14:56:00 Etc/GMT-3] SQL: SELECT * FROM shared_folders WHERE shared_with_email = :shared_with_email
[23-Dec-2025 14:56:00 Etc/GMT-3] Params: Array
(
    [:shared_with_email] => test@test.ru
)

[23-Dec-2025 14:56:00 Etc/GMT-3] SQL: SELECT * FROM shared_files WHERE shared_with_email = :shared_with_email
[23-Dec-2025 14:56:00 Etc/GMT-3] Params: Array
(
    [:shared_with_email] => test@test.ru
)

[23-Dec-2025 14:56:01 Etc/GMT-3] SQL: SELECT * FROM files WHERE folder_id IS NULL AND user_id = :user_id
[23-Dec-2025 14:56:01 Etc/GMT-3] Params: Array
(
    [:user_id] => 4
)

[23-Dec-2025 14:56:01 Etc/GMT-3] SQL: SELECT * FROM folders WHERE parent_id IS NULL AND user_id = :user_id
[23-Dec-2025 14:56:01 Etc/GMT-3] Params: Array
(
    [:user_id] => 4
)

[23-Dec-2025 14:56:01 Etc/GMT-3] SQL: SELECT * FROM shared_folders WHERE shared_with_email = :shared_with_email
[23-Dec-2025 14:56:01 Etc/GMT-3] Params: Array
(
    [:shared_with_email] => test@test.ru
)

[23-Dec-2025 14:56:01 Etc/GMT-3] SQL: SELECT * FROM shared_files WHERE shared_with_email = :shared_with_email
[23-Dec-2025 14:56:01 Etc/GMT-3] Params: Array
(
    [:shared_with_email] => test@test.ru
)

[23-Dec-2025 14:59:40 Etc/GMT-3] SQL: SELECT * FROM files WHERE folder_id IS NULL AND user_id = :user_id
[23-Dec-2025 14:59:40 Etc/GMT-3] Params: Array
(
    [:user_id] => 4
)

[23-Dec-2025 14:59:40 Etc/GMT-3] SQL: SELECT * FROM folders WHERE parent_id IS NULL AND user_id = :user_id
[23-Dec-2025 14:59:40 Etc/GMT-3] Params: Array
(
    [:user_id] => 4
)

[23-Dec-2025 14:59:40 Etc/GMT-3] SQL: SELECT * FROM shared_folders WHERE shared_with_email = :shared_with_email
[23-Dec-2025 14:59:40 Etc/GMT-3] Params: Array
(
    [:shared_with_email] => test@test.ru
)

[23-Dec-2025 14:59:40 Etc/GMT-3] SQL: SELECT * FROM shared_files WHERE shared_with_email = :shared_with_email
[23-Dec-2025 14:59:40 Etc/GMT-3] Params: Array
(
    [:shared_with_email] => test@test.ru
)

[23-Dec-2025 15:09:09 Etc/GMT-3] SQL: SELECT * FROM files WHERE folder_id IS NULL AND user_id = :user_id
[23-Dec-2025 15:09:09 Etc/GMT-3] Params: Array
(
    [:user_id] => 3
)

[23-Dec-2025 15:09:09 Etc/GMT-3] SQL: SELECT * FROM folders WHERE parent_id IS NULL AND user_id = :user_id
[23-Dec-2025 15:09:09 Etc/GMT-3] Params: Array
(
    [:user_id] => 3
)

[23-Dec-2025 15:09:09 Etc/GMT-3] SQL: SELECT * FROM shared_folders WHERE shared_with_email = :shared_with_email
[23-Dec-2025 15:09:09 Etc/GMT-3] Params: Array
(
    [:shared_with_email] => klish91@inbox.ru
)

[23-Dec-2025 15:09:09 Etc/GMT-3] SQL: SELECT * FROM shared_files WHERE shared_with_email = :shared_with_email
[23-Dec-2025 15:09:09 Etc/GMT-3] Params: Array
(
    [:shared_with_email] => klish91@inbox.ru
)

[23-Dec-2025 15:09:22 Etc/GMT-3] SQL: SELECT * FROM files WHERE folder_id IS NULL AND user_id = :user_id
[23-Dec-2025 15:09:22 Etc/GMT-3] Params: Array
(
    [:user_id] => 3
)

[23-Dec-2025 15:09:22 Etc/GMT-3] SQL: SELECT * FROM folders WHERE parent_id IS NULL AND user_id = :user_id
[23-Dec-2025 15:09:22 Etc/GMT-3] Params: Array
(
    [:user_id] => 3
)

[23-Dec-2025 15:09:22 Etc/GMT-3] SQL: SELECT * FROM shared_folders WHERE shared_with_email = :shared_with_email
[23-Dec-2025 15:09:22 Etc/GMT-3] Params: Array
(
    [:shared_with_email] => klish91@inbox.ru
)

[23-Dec-2025 15:09:22 Etc/GMT-3] SQL: SELECT * FROM shared_files WHERE shared_with_email = :shared_with_email
[23-Dec-2025 15:09:22 Etc/GMT-3] Params: Array
(
    [:shared_with_email] => klish91@inbox.ru
)

[23-Dec-2025 15:09:29 Etc/GMT-3] SQL: SELECT * FROM shared_folders WHERE folder_id = :folder_id AND shared_with_email = :shared_with_email
[23-Dec-2025 15:09:29 Etc/GMT-3] Params: Array
(
    [:folder_id] => 3
    [:shared_with_email] => klish91@inbox.ru
)

[23-Dec-2025 15:09:29 Etc/GMT-3] SQL: SELECT * FROM files WHERE folder_id = :folder_id AND user_id = :user_id
[23-Dec-2025 15:09:29 Etc/GMT-3] Params: Array
(
    [:folder_id] => 3
    [:user_id] => 3
)

[23-Dec-2025 15:09:29 Etc/GMT-3] SQL: SELECT * FROM folders WHERE parent_id = :parent_id AND user_id = :user_id
[23-Dec-2025 15:09:29 Etc/GMT-3] Params: Array
(
    [:parent_id] => 3
    [:user_id] => 3
)

[23-Dec-2025 15:09:29 Etc/GMT-3] SQL: SELECT * FROM shared_folders WHERE shared_with_email = :shared_with_email
[23-Dec-2025 15:09:29 Etc/GMT-3] Params: Array
(
    [:shared_with_email] => klish91@inbox.ru
)

[23-Dec-2025 15:09:29 Etc/GMT-3] SQL: SELECT * FROM shared_files WHERE shared_with_email = :shared_with_email
[23-Dec-2025 15:09:29 Etc/GMT-3] Params: Array
(
    [:shared_with_email] => klish91@inbox.ru
)

[23-Dec-2025 15:11:47 Etc/GMT-3] SQL: SELECT * FROM shared_folders WHERE folder_id = :folder_id AND shared_with_email = :shared_with_email
[23-Dec-2025 15:11:47 Etc/GMT-3] Params: Array
(
    [:folder_id] => 3
    [:shared_with_email] => klish91@inbox.ru
)

[23-Dec-2025 15:11:47 Etc/GMT-3] SQL: SELECT * FROM files WHERE folder_id = :folder_id AND user_id = :user_id
[23-Dec-2025 15:11:47 Etc/GMT-3] Params: Array
(
    [:folder_id] => 3
    [:user_id] => 3
)

[23-Dec-2025 15:11:47 Etc/GMT-3] SQL: SELECT * FROM folders WHERE parent_id = :parent_id AND user_id = :user_id
[23-Dec-2025 15:11:47 Etc/GMT-3] Params: Array
(
    [:parent_id] => 3
    [:user_id] => 3
)

[23-Dec-2025 15:11:47 Etc/GMT-3] SQL: SELECT * FROM shared_files WHERE shared_with_email = :shared_with_email
[23-Dec-2025 15:11:47 Etc/GMT-3] Params: Array
(
    [:shared_with_email] => klish91@inbox.ru
)

[23-Dec-2025 15:11:47 Etc/GMT-3] SQL: SELECT * FROM shared_folders WHERE shared_with_email = :shared_with_email
[23-Dec-2025 15:11:47 Etc/GMT-3] Params: Array
(
    [:shared_with_email] => klish91@inbox.ru
)

[23-Dec-2025 15:11:53 Etc/GMT-3] SQL: SELECT * FROM files WHERE folder_id IS NULL AND user_id = :user_id
[23-Dec-2025 15:11:53 Etc/GMT-3] Params: Array
(
    [:user_id] => 4
)

[23-Dec-2025 15:11:53 Etc/GMT-3] SQL: SELECT * FROM folders WHERE parent_id IS NULL AND user_id = :user_id
[23-Dec-2025 15:11:53 Etc/GMT-3] Params: Array
(
    [:user_id] => 4
)

[23-Dec-2025 15:11:53 Etc/GMT-3] SQL: SELECT * FROM shared_files WHERE shared_with_email = :shared_with_email
[23-Dec-2025 15:11:53 Etc/GMT-3] Params: Array
(
    [:shared_with_email] => test@test.ru
)

[23-Dec-2025 15:11:53 Etc/GMT-3] SQL: SELECT * FROM shared_folders WHERE shared_with_email = :shared_with_email
[23-Dec-2025 15:11:53 Etc/GMT-3] Params: Array
(
    [:shared_with_email] => test@test.ru
)

[23-Dec-2025 15:11:53 Etc/GMT-3] PHP Warning:  Undefined variable $isSharedToMeByEmail in G:\OSPanel\home\cloud\Cloude_php\src\Controllers\FileController.php on line 242
[23-Dec-2025 15:11:53 Etc/GMT-3] PHP Warning:  Undefined variable $isSharedToMeByGroup in G:\OSPanel\home\cloud\Cloude_php\src\Controllers\FileController.php on line 242
[23-Dec-2025 15:12:03 Etc/GMT-3] SQL: SELECT * FROM shared_folders WHERE folder_id = :folder_id AND shared_with_email = :shared_with_email
[23-Dec-2025 15:12:03 Etc/GMT-3] Params: Array
(
    [:folder_id] => 3
    [:shared_with_email] => test@test.ru
)

[23-Dec-2025 15:12:03 Etc/GMT-3] SQL: SELECT * FROM files WHERE folder_id = :folder_id AND user_id = :user_id
[23-Dec-2025 15:12:03 Etc/GMT-3] Params: Array
(
    [:folder_id] => 3
    [:user_id] => 4
)

[23-Dec-2025 15:12:03 Etc/GMT-3] SQL: SELECT * FROM folders WHERE parent_id = :parent_id AND user_id = :user_id
[23-Dec-2025 15:12:03 Etc/GMT-3] Params: Array
(
    [:parent_id] => 3
    [:user_id] => 4
)

[23-Dec-2025 15:12:03 Etc/GMT-3] SQL: SELECT * FROM shared_files WHERE shared_with_email = :shared_with_email
[23-Dec-2025 15:12:03 Etc/GMT-3] Params: Array
(
    [:shared_with_email] => test@test.ru
)

[23-Dec-2025 15:12:03 Etc/GMT-3] SQL: SELECT * FROM shared_folders WHERE shared_with_email = :shared_with_email
[23-Dec-2025 15:12:03 Etc/GMT-3] Params: Array
(
    [:shared_with_email] => test@test.ru
)

[23-Dec-2025 15:12:05 Etc/GMT-3] SQL: SELECT * FROM shared_folders WHERE folder_id = :folder_id AND shared_with_email = :shared_with_email
[23-Dec-2025 15:12:05 Etc/GMT-3] Params: Array
(
    [:folder_id] => 4
    [:shared_with_email] => test@test.ru
)

[23-Dec-2025 15:12:05 Etc/GMT-3] SQL: SELECT * FROM files WHERE folder_id = :folder_id AND user_id = :user_id
[23-Dec-2025 15:12:05 Etc/GMT-3] Params: Array
(
    [:folder_id] => 4
    [:user_id] => 4
)

[23-Dec-2025 15:12:05 Etc/GMT-3] SQL: SELECT * FROM folders WHERE parent_id = :parent_id AND user_id = :user_id
[23-Dec-2025 15:12:05 Etc/GMT-3] Params: Array
(
    [:parent_id] => 4
    [:user_id] => 4
)

[23-Dec-2025 15:12:05 Etc/GMT-3] SQL: SELECT * FROM shared_files WHERE shared_with_email = :shared_with_email
[23-Dec-2025 15:12:05 Etc/GMT-3] Params: Array
(
    [:shared_with_email] => test@test.ru
)

[23-Dec-2025 15:12:05 Etc/GMT-3] SQL: SELECT * FROM shared_folders WHERE shared_with_email = :shared_with_email
[23-Dec-2025 15:12:05 Etc/GMT-3] Params: Array
(
    [:shared_with_email] => test@test.ru
)

[23-Dec-2025 15:12:08 Etc/GMT-3] SQL: SELECT * FROM shared_folders WHERE folder_id = :folder_id AND shared_with_email = :shared_with_email
[23-Dec-2025 15:12:08 Etc/GMT-3] Params: Array
(
    [:folder_id] => 3
    [:shared_with_email] => test@test.ru
)

[23-Dec-2025 15:12:08 Etc/GMT-3] SQL: SELECT * FROM files WHERE folder_id = :folder_id AND user_id = :user_id
[23-Dec-2025 15:12:08 Etc/GMT-3] Params: Array
(
    [:folder_id] => 3
    [:user_id] => 4
)

[23-Dec-2025 15:12:08 Etc/GMT-3] SQL: SELECT * FROM folders WHERE parent_id = :parent_id AND user_id = :user_id
[23-Dec-2025 15:12:08 Etc/GMT-3] Params: Array
(
    [:parent_id] => 3
    [:user_id] => 4
)

[23-Dec-2025 15:12:08 Etc/GMT-3] SQL: SELECT * FROM shared_files WHERE shared_with_email = :shared_with_email
[23-Dec-2025 15:12:08 Etc/GMT-3] Params: Array
(
    [:shared_with_email] => test@test.ru
)

[23-Dec-2025 15:12:08 Etc/GMT-3] SQL: SELECT * FROM shared_folders WHERE shared_with_email = :shared_with_email
[23-Dec-2025 15:12:08 Etc/GMT-3] Params: Array
(
    [:shared_with_email] => test@test.ru
)

[23-Dec-2025 15:12:09 Etc/GMT-3] SQL: SELECT * FROM files WHERE folder_id IS NULL AND user_id = :user_id
[23-Dec-2025 15:12:09 Etc/GMT-3] Params: Array
(
    [:user_id] => 4
)

[23-Dec-2025 15:12:09 Etc/GMT-3] SQL: SELECT * FROM folders WHERE parent_id IS NULL AND user_id = :user_id
[23-Dec-2025 15:12:09 Etc/GMT-3] Params: Array
(
    [:user_id] => 4
)

[23-Dec-2025 15:12:09 Etc/GMT-3] SQL: SELECT * FROM shared_files WHERE shared_with_email = :shared_with_email
[23-Dec-2025 15:12:09 Etc/GMT-3] Params: Array
(
    [:shared_with_email] => test@test.ru
)

[23-Dec-2025 15:12:09 Etc/GMT-3] SQL: SELECT * FROM shared_folders WHERE shared_with_email = :shared_with_email
[23-Dec-2025 15:12:09 Etc/GMT-3] Params: Array
(
    [:shared_with_email] => test@test.ru
)

[23-Dec-2025 15:12:09 Etc/GMT-3] PHP Warning:  Undefined variable $isSharedToMeByEmail in G:\OSPanel\home\cloud\Cloude_php\src\Controllers\FileController.php on line 242
[23-Dec-2025 15:12:09 Etc/GMT-3] PHP Warning:  Undefined variable $isSharedToMeByGroup in G:\OSPanel\home\cloud\Cloude_php\src\Controllers\FileController.php on line 242
[23-Dec-2025 15:18:07 Etc/GMT-3] SQL: SELECT * FROM files WHERE folder_id IS NULL AND user_id = :user_id
[23-Dec-2025 15:18:07 Etc/GMT-3] Params: Array
(
    [:user_id] => 4
)

[23-Dec-2025 15:18:07 Etc/GMT-3] SQL: SELECT * FROM folders WHERE parent_id IS NULL AND user_id = :user_id
[23-Dec-2025 15:18:07 Etc/GMT-3] Params: Array
(
    [:user_id] => 4
)

[23-Dec-2025 15:18:07 Etc/GMT-3] SQL: SELECT * FROM shared_files WHERE shared_with_email = :shared_with_email
[23-Dec-2025 15:18:07 Etc/GMT-3] Params: Array
(
    [:shared_with_email] => test@test.ru
)

[23-Dec-2025 15:18:07 Etc/GMT-3] SQL: SELECT * FROM shared_folders WHERE shared_with_email = :shared_with_email
[23-Dec-2025 15:18:07 Etc/GMT-3] Params: Array
(
    [:shared_with_email] => test@test.ru
)

[23-Dec-2025 15:18:17 Etc/GMT-3] SQL: SELECT * FROM shared_folders WHERE folder_id = :folder_id AND shared_with_email = :shared_with_email
[23-Dec-2025 15:18:17 Etc/GMT-3] Params: Array
(
    [:folder_id] => 3
    [:shared_with_email] => test@test.ru
)

[23-Dec-2025 15:18:17 Etc/GMT-3] SQL: SELECT * FROM files WHERE folder_id = :folder_id AND user_id = :user_id
[23-Dec-2025 15:18:17 Etc/GMT-3] Params: Array
(
    [:folder_id] => 3
    [:user_id] => 4
)

[23-Dec-2025 15:18:17 Etc/GMT-3] SQL: SELECT * FROM folders WHERE parent_id = :parent_id AND user_id = :user_id
[23-Dec-2025 15:18:17 Etc/GMT-3] Params: Array
(
    [:parent_id] => 3
    [:user_id] => 4
)

[23-Dec-2025 15:18:17 Etc/GMT-3] SQL: SELECT * FROM shared_files WHERE shared_with_email = :shared_with_email
[23-Dec-2025 15:18:17 Etc/GMT-3] Params: Array
(
    [:shared_with_email] => test@test.ru
)

[23-Dec-2025 15:18:17 Etc/GMT-3] SQL: SELECT * FROM shared_folders WHERE shared_with_email = :shared_with_email
[23-Dec-2025 15:18:17 Etc/GMT-3] Params: Array
(
    [:shared_with_email] => test@test.ru
)

[23-Dec-2025 15:18:25 Etc/GMT-3] SQL: SELECT * FROM files WHERE folder_id IS NULL AND user_id = :user_id
[23-Dec-2025 15:18:25 Etc/GMT-3] Params: Array
(
    [:user_id] => 4
)

[23-Dec-2025 15:18:25 Etc/GMT-3] SQL: SELECT * FROM folders WHERE parent_id IS NULL AND user_id = :user_id
[23-Dec-2025 15:18:25 Etc/GMT-3] Params: Array
(
    [:user_id] => 4
)

[23-Dec-2025 15:18:25 Etc/GMT-3] SQL: SELECT * FROM shared_files WHERE shared_with_email = :shared_with_email
[23-Dec-2025 15:18:25 Etc/GMT-3] Params: Array
(
    [:shared_with_email] => test@test.ru
)

[23-Dec-2025 15:18:25 Etc/GMT-3] SQL: SELECT * FROM shared_folders WHERE shared_with_email = :shared_with_email
[23-Dec-2025 15:18:25 Etc/GMT-3] Params: Array
(
    [:shared_with_email] => test@test.ru
)

[23-Dec-2025 15:19:03 Etc/GMT-3] Creating folder: name=folder_test, user_id=4, parent_id=null
[23-Dec-2025 15:19:04 Etc/GMT-3] SQL: SELECT * FROM files WHERE folder_id IS NULL AND user_id = :user_id
[23-Dec-2025 15:19:04 Etc/GMT-3] Params: Array
(
    [:user_id] => 4
)

[23-Dec-2025 15:19:04 Etc/GMT-3] SQL: SELECT * FROM folders WHERE parent_id IS NULL AND user_id = :user_id
[23-Dec-2025 15:19:04 Etc/GMT-3] Params: Array
(
    [:user_id] => 4
)

[23-Dec-2025 15:19:04 Etc/GMT-3] SQL: SELECT * FROM shared_files WHERE shared_with_email = :shared_with_email
[23-Dec-2025 15:19:04 Etc/GMT-3] Params: Array
(
    [:shared_with_email] => test@test.ru
)

[23-Dec-2025 15:19:04 Etc/GMT-3] SQL: SELECT * FROM shared_folders WHERE shared_with_email = :shared_with_email
[23-Dec-2025 15:19:04 Etc/GMT-3] Params: Array
(
    [:shared_with_email] => test@test.ru
)

[23-Dec-2025 15:22:15 Etc/GMT-3] SQL: SELECT * FROM files WHERE folder_id IS NULL AND user_id = :user_id
[23-Dec-2025 15:22:15 Etc/GMT-3] Params: Array
(
    [:user_id] => 4
)

[23-Dec-2025 15:22:15 Etc/GMT-3] SQL: SELECT * FROM folders WHERE parent_id IS NULL AND user_id = :user_id
[23-Dec-2025 15:22:15 Etc/GMT-3] Params: Array
(
    [:user_id] => 4
)

[23-Dec-2025 15:22:15 Etc/GMT-3] SQL: SELECT * FROM shared_files WHERE shared_with_email = :shared_with_email
[23-Dec-2025 15:22:15 Etc/GMT-3] Params: Array
(
    [:shared_with_email] => test@test.ru
)

[23-Dec-2025 15:22:15 Etc/GMT-3] SQL: SELECT * FROM shared_folders WHERE shared_with_email = :shared_with_email
[23-Dec-2025 15:22:15 Etc/GMT-3] Params: Array
(
    [:shared_with_email] => test@test.ru
)

[23-Dec-2025 15:22:22 Etc/GMT-3] SQL: SELECT * FROM files WHERE folder_id IS NULL AND user_id = :user_id
[23-Dec-2025 15:22:22 Etc/GMT-3] Params: Array
(
    [:user_id] => 4
)

[23-Dec-2025 15:22:22 Etc/GMT-3] SQL: SELECT * FROM folders WHERE parent_id IS NULL AND user_id = :user_id
[23-Dec-2025 15:22:22 Etc/GMT-3] Params: Array
(
    [:user_id] => 4
)

[23-Dec-2025 15:22:22 Etc/GMT-3] SQL: SELECT * FROM shared_files WHERE shared_with_email = :shared_with_email
[23-Dec-2025 15:22:22 Etc/GMT-3] Params: Array
(
    [:shared_with_email] => test@test.ru
)

[23-Dec-2025 15:22:22 Etc/GMT-3] SQL: SELECT * FROM shared_folders WHERE shared_with_email = :shared_with_email
[23-Dec-2025 15:22:22 Etc/GMT-3] Params: Array
(
    [:shared_with_email] => test@test.ru
)

[23-Dec-2025 15:23:00 Etc/GMT-3] SQL: SELECT * FROM files WHERE folder_id IS NULL AND user_id = :user_id
[23-Dec-2025 15:23:00 Etc/GMT-3] Params: Array
(
    [:user_id] => 4
)

[23-Dec-2025 15:23:00 Etc/GMT-3] SQL: SELECT * FROM folders WHERE parent_id IS NULL AND user_id = :user_id
[23-Dec-2025 15:23:00 Etc/GMT-3] Params: Array
(
    [:user_id] => 4
)

[23-Dec-2025 15:23:00 Etc/GMT-3] SQL: SELECT * FROM shared_files WHERE shared_with_email = :shared_with_email
[23-Dec-2025 15:23:00 Etc/GMT-3] Params: Array
(
    [:shared_with_email] => test@test.ru
)

[23-Dec-2025 15:23:00 Etc/GMT-3] SQL: SELECT * FROM shared_folders WHERE shared_with_email = :shared_with_email
[23-Dec-2025 15:23:00 Etc/GMT-3] Params: Array
(
    [:shared_with_email] => test@test.ru
)

[23-Dec-2025 15:23:03 Etc/GMT-3] SQL: SELECT * FROM shared_folders WHERE folder_id = :folder_id AND shared_with_email = :shared_with_email
[23-Dec-2025 15:23:03 Etc/GMT-3] Params: Array
(
    [:folder_id] => 5
    [:shared_with_email] => test@test.ru
)

[23-Dec-2025 15:23:03 Etc/GMT-3] SQL: SELECT * FROM files WHERE folder_id = :folder_id AND user_id = :user_id
[23-Dec-2025 15:23:03 Etc/GMT-3] Params: Array
(
    [:folder_id] => 5
    [:user_id] => 4
)

[23-Dec-2025 15:23:03 Etc/GMT-3] SQL: SELECT * FROM folders WHERE parent_id = :parent_id AND user_id = :user_id
[23-Dec-2025 15:23:03 Etc/GMT-3] Params: Array
(
    [:parent_id] => 5
    [:user_id] => 4
)

[23-Dec-2025 15:23:03 Etc/GMT-3] SQL: SELECT * FROM shared_files WHERE shared_with_email = :shared_with_email
[23-Dec-2025 15:23:03 Etc/GMT-3] Params: Array
(
    [:shared_with_email] => test@test.ru
)

[23-Dec-2025 15:23:03 Etc/GMT-3] SQL: SELECT * FROM shared_folders WHERE shared_with_email = :shared_with_email
[23-Dec-2025 15:23:03 Etc/GMT-3] Params: Array
(
    [:shared_with_email] => test@test.ru
)

[23-Dec-2025 15:23:11 Etc/GMT-3] SQL: SELECT * FROM shared_folders WHERE folder_id = :folder_id AND shared_with_email = :shared_with_email
[23-Dec-2025 15:23:11 Etc/GMT-3] Params: Array
(
    [:folder_id] => 5
    [:shared_with_email] => test@test.ru
)

[23-Dec-2025 15:23:11 Etc/GMT-3] SQL: SELECT * FROM files WHERE folder_id = :folder_id AND user_id = :user_id
[23-Dec-2025 15:23:11 Etc/GMT-3] Params: Array
(
    [:folder_id] => 5
    [:user_id] => 4
)

[23-Dec-2025 15:23:11 Etc/GMT-3] SQL: SELECT * FROM folders WHERE parent_id = :parent_id AND user_id = :user_id
[23-Dec-2025 15:23:11 Etc/GMT-3] Params: Array
(
    [:parent_id] => 5
    [:user_id] => 4
)

[23-Dec-2025 15:23:11 Etc/GMT-3] SQL: SELECT * FROM shared_files WHERE shared_with_email = :shared_with_email
[23-Dec-2025 15:23:11 Etc/GMT-3] Params: Array
(
    [:shared_with_email] => test@test.ru
)

[23-Dec-2025 15:23:11 Etc/GMT-3] SQL: SELECT * FROM shared_folders WHERE shared_with_email = :shared_with_email
[23-Dec-2025 15:23:11 Etc/GMT-3] Params: Array
(
    [:shared_with_email] => test@test.ru
)

[23-Dec-2025 15:23:18 Etc/GMT-3] SQL: SELECT * FROM shared_files WHERE file_id = :file_id AND shared_with_email = :shared_with_email
[23-Dec-2025 15:23:18 Etc/GMT-3] Params: Array
(
    [:file_id] => 13
    [:shared_with_email] => klish91@inbox.ru
)

[23-Dec-2025 15:23:28 Etc/GMT-3] SQL: SELECT * FROM files WHERE folder_id IS NULL AND user_id = :user_id
[23-Dec-2025 15:23:28 Etc/GMT-3] Params: Array
(
    [:user_id] => 3
)

[23-Dec-2025 15:23:28 Etc/GMT-3] SQL: SELECT * FROM folders WHERE parent_id IS NULL AND user_id = :user_id
[23-Dec-2025 15:23:28 Etc/GMT-3] Params: Array
(
    [:user_id] => 3
)

[23-Dec-2025 15:23:28 Etc/GMT-3] SQL: SELECT * FROM shared_files WHERE shared_with_email = :shared_with_email
[23-Dec-2025 15:23:28 Etc/GMT-3] Params: Array
(
    [:shared_with_email] => klish91@inbox.ru
)

[23-Dec-2025 15:23:28 Etc/GMT-3] SQL: SELECT * FROM shared_folders WHERE shared_with_email = :shared_with_email
[23-Dec-2025 15:23:28 Etc/GMT-3] Params: Array
(
    [:shared_with_email] => klish91@inbox.ru
)

[23-Dec-2025 15:23:35 Etc/GMT-3] SQL: SELECT * FROM files WHERE folder_id IS NULL AND user_id = :user_id
[23-Dec-2025 15:23:35 Etc/GMT-3] Params: Array
(
    [:user_id] => 3
)

[23-Dec-2025 15:23:35 Etc/GMT-3] SQL: SELECT * FROM folders WHERE parent_id IS NULL AND user_id = :user_id
[23-Dec-2025 15:23:35 Etc/GMT-3] Params: Array
(
    [:user_id] => 3
)

[23-Dec-2025 15:23:35 Etc/GMT-3] SQL: SELECT * FROM shared_files WHERE shared_with_email = :shared_with_email
[23-Dec-2025 15:23:35 Etc/GMT-3] Params: Array
(
    [:shared_with_email] => klish91@inbox.ru
)

[23-Dec-2025 15:23:35 Etc/GMT-3] SQL: SELECT * FROM shared_folders WHERE shared_with_email = :shared_with_email
[23-Dec-2025 15:23:35 Etc/GMT-3] Params: Array
(
    [:shared_with_email] => klish91@inbox.ru
)

[23-Dec-2025 15:24:58 Etc/GMT-3] SQL: SELECT * FROM shared_files WHERE file_id = :file_id AND shared_with_email = :shared_with_email
[23-Dec-2025 15:24:58 Etc/GMT-3] Params: Array
(
    [:file_id] => 8
    [:shared_with_email] => test@test.ru
)

[23-Dec-2025 15:25:07 Etc/GMT-3] SQL: SELECT * FROM files WHERE folder_id IS NULL AND user_id = :user_id
[23-Dec-2025 15:25:07 Etc/GMT-3] Params: Array
(
    [:user_id] => 4
)

[23-Dec-2025 15:25:07 Etc/GMT-3] SQL: SELECT * FROM folders WHERE parent_id IS NULL AND user_id = :user_id
[23-Dec-2025 15:25:07 Etc/GMT-3] Params: Array
(
    [:user_id] => 4
)

[23-Dec-2025 15:25:07 Etc/GMT-3] SQL: SELECT * FROM shared_files WHERE shared_with_email = :shared_with_email
[23-Dec-2025 15:25:07 Etc/GMT-3] Params: Array
(
    [:shared_with_email] => test@test.ru
)

[23-Dec-2025 15:25:07 Etc/GMT-3] SQL: SELECT * FROM shared_folders WHERE shared_with_email = :shared_with_email
[23-Dec-2025 15:25:07 Etc/GMT-3] Params: Array
(
    [:shared_with_email] => test@test.ru
)

[23-Dec-2025 15:43:31 Etc/GMT-3] SQL: SELECT * FROM files WHERE folder_id IS NULL AND user_id = :user_id
[23-Dec-2025 15:43:31 Etc/GMT-3] Params: Array
(
    [:user_id] => 4
)

[23-Dec-2025 15:43:31 Etc/GMT-3] SQL: SELECT * FROM folders WHERE parent_id IS NULL AND user_id = :user_id
[23-Dec-2025 15:43:31 Etc/GMT-3] Params: Array
(
    [:user_id] => 4
)

[23-Dec-2025 15:43:31 Etc/GMT-3] SQL: SELECT * FROM shared_files WHERE shared_with_email = :shared_with_email
[23-Dec-2025 15:43:31 Etc/GMT-3] Params: Array
(
    [:shared_with_email] => test@test.ru
)

[23-Dec-2025 15:43:31 Etc/GMT-3] SQL: SELECT * FROM shared_folders WHERE shared_with_email = :shared_with_email
[23-Dec-2025 15:43:31 Etc/GMT-3] Params: Array
(
    [:shared_with_email] => test@test.ru
)

[23-Dec-2025 15:43:41 Etc/GMT-3] SQL: SELECT * FROM files WHERE folder_id IS NULL AND user_id = :user_id
[23-Dec-2025 15:43:41 Etc/GMT-3] Params: Array
(
    [:user_id] => 3
)

[23-Dec-2025 15:43:41 Etc/GMT-3] SQL: SELECT * FROM folders WHERE parent_id IS NULL AND user_id = :user_id
[23-Dec-2025 15:43:41 Etc/GMT-3] Params: Array
(
    [:user_id] => 3
)

[23-Dec-2025 15:43:41 Etc/GMT-3] SQL: SELECT * FROM shared_files WHERE shared_with_email = :shared_with_email
[23-Dec-2025 15:43:41 Etc/GMT-3] Params: Array
(
    [:shared_with_email] => klish91@inbox.ru
)

[23-Dec-2025 15:43:41 Etc/GMT-3] SQL: SELECT * FROM shared_folders WHERE shared_with_email = :shared_with_email
[23-Dec-2025 15:43:41 Etc/GMT-3] Params: Array
(
    [:shared_with_email] => klish91@inbox.ru
)

[23-Dec-2025 15:43:44 Etc/GMT-3] SQL: SELECT * FROM shared_folders WHERE folder_id = :folder_id AND shared_with_email = :shared_with_email
[23-Dec-2025 15:43:44 Etc/GMT-3] Params: Array
(
    [:folder_id] => 3
    [:shared_with_email] => klish91@inbox.ru
)

[23-Dec-2025 15:43:44 Etc/GMT-3] SQL: SELECT * FROM files WHERE folder_id = :folder_id AND user_id = :user_id
[23-Dec-2025 15:43:44 Etc/GMT-3] Params: Array
(
    [:folder_id] => 3
    [:user_id] => 3
)

[23-Dec-2025 15:43:44 Etc/GMT-3] SQL: SELECT * FROM folders WHERE parent_id = :parent_id AND user_id = :user_id
[23-Dec-2025 15:43:44 Etc/GMT-3] Params: Array
(
    [:parent_id] => 3
    [:user_id] => 3
)

[23-Dec-2025 15:43:44 Etc/GMT-3] SQL: SELECT * FROM shared_files WHERE shared_with_email = :shared_with_email
[23-Dec-2025 15:43:44 Etc/GMT-3] Params: Array
(
    [:shared_with_email] => klish91@inbox.ru
)

[23-Dec-2025 15:43:44 Etc/GMT-3] SQL: SELECT * FROM shared_folders WHERE shared_with_email = :shared_with_email
[23-Dec-2025 15:43:44 Etc/GMT-3] Params: Array
(
    [:shared_with_email] => klish91@inbox.ru
)

[23-Dec-2025 15:43:48 Etc/GMT-3] SQL: SELECT * FROM shared_files WHERE file_id = :file_id AND shared_with_email = :shared_with_email
[23-Dec-2025 15:43:48 Etc/GMT-3] Params: Array
(
    [:file_id] => 9
    [:shared_with_email] => test@test.ru
)

[23-Dec-2025 15:44:00 Etc/GMT-3] SQL: SELECT * FROM files WHERE folder_id IS NULL AND user_id = :user_id
[23-Dec-2025 15:44:00 Etc/GMT-3] Params: Array
(
    [:user_id] => 4
)

[23-Dec-2025 15:44:00 Etc/GMT-3] SQL: SELECT * FROM folders WHERE parent_id IS NULL AND user_id = :user_id
[23-Dec-2025 15:44:00 Etc/GMT-3] Params: Array
(
    [:user_id] => 4
)

[23-Dec-2025 15:44:00 Etc/GMT-3] SQL: SELECT * FROM shared_files WHERE shared_with_email = :shared_with_email
[23-Dec-2025 15:44:00 Etc/GMT-3] Params: Array
(
    [:shared_with_email] => test@test.ru
)

[23-Dec-2025 15:44:00 Etc/GMT-3] SQL: SELECT * FROM shared_folders WHERE shared_with_email = :shared_with_email
[23-Dec-2025 15:44:00 Etc/GMT-3] Params: Array
(
    [:shared_with_email] => test@test.ru
)

[23-Dec-2025 15:44:04 Etc/GMT-3] SQL: SELECT * FROM files WHERE folder_id IS NULL AND user_id = :user_id
[23-Dec-2025 15:44:04 Etc/GMT-3] Params: Array
(
    [:user_id] => 4
)

[23-Dec-2025 15:44:04 Etc/GMT-3] SQL: SELECT * FROM folders WHERE parent_id IS NULL AND user_id = :user_id
[23-Dec-2025 15:44:04 Etc/GMT-3] Params: Array
(
    [:user_id] => 4
)

[23-Dec-2025 15:44:04 Etc/GMT-3] SQL: SELECT * FROM shared_files WHERE shared_with_email = :shared_with_email
[23-Dec-2025 15:44:04 Etc/GMT-3] Params: Array
(
    [:shared_with_email] => test@test.ru
)

[23-Dec-2025 15:44:04 Etc/GMT-3] SQL: SELECT * FROM shared_folders WHERE shared_with_email = :shared_with_email
[23-Dec-2025 15:44:04 Etc/GMT-3] Params: Array
(
    [:shared_with_email] => test@test.ru
)

[23-Dec-2025 15:44:06 Etc/GMT-3] SQL: SELECT * FROM shared_folders WHERE folder_id = :folder_id AND shared_with_email = :shared_with_email
[23-Dec-2025 15:44:06 Etc/GMT-3] Params: Array
(
    [:folder_id] => 5
    [:shared_with_email] => test@test.ru
)

[23-Dec-2025 15:44:06 Etc/GMT-3] SQL: SELECT * FROM files WHERE folder_id = :folder_id AND user_id = :user_id
[23-Dec-2025 15:44:06 Etc/GMT-3] Params: Array
(
    [:folder_id] => 5
    [:user_id] => 4
)

[23-Dec-2025 15:44:06 Etc/GMT-3] SQL: SELECT * FROM folders WHERE parent_id = :parent_id AND user_id = :user_id
[23-Dec-2025 15:44:06 Etc/GMT-3] Params: Array
(
    [:parent_id] => 5
    [:user_id] => 4
)

[23-Dec-2025 15:44:06 Etc/GMT-3] SQL: SELECT * FROM shared_files WHERE shared_with_email = :shared_with_email
[23-Dec-2025 15:44:06 Etc/GMT-3] Params: Array
(
    [:shared_with_email] => test@test.ru
)

[23-Dec-2025 15:44:06 Etc/GMT-3] SQL: SELECT * FROM shared_folders WHERE shared_with_email = :shared_with_email
[23-Dec-2025 15:44:06 Etc/GMT-3] Params: Array
(
    [:shared_with_email] => test@test.ru
)

[23-Dec-2025 15:44:09 Etc/GMT-3] SQL: SELECT * FROM files WHERE folder_id IS NULL AND user_id = :user_id
[23-Dec-2025 15:44:09 Etc/GMT-3] Params: Array
(
    [:user_id] => 4
)

[23-Dec-2025 15:44:09 Etc/GMT-3] SQL: SELECT * FROM folders WHERE parent_id IS NULL AND user_id = :user_id
[23-Dec-2025 15:44:09 Etc/GMT-3] Params: Array
(
    [:user_id] => 4
)

[23-Dec-2025 15:44:09 Etc/GMT-3] SQL: SELECT * FROM shared_files WHERE shared_with_email = :shared_with_email
[23-Dec-2025 15:44:09 Etc/GMT-3] Params: Array
(
    [:shared_with_email] => test@test.ru
)

[23-Dec-2025 15:44:09 Etc/GMT-3] SQL: SELECT * FROM shared_folders WHERE shared_with_email = :shared_with_email
[23-Dec-2025 15:44:09 Etc/GMT-3] Params: Array
(
    [:shared_with_email] => test@test.ru
)

[23-Dec-2025 15:48:39 Etc/GMT-3] SQL: SELECT * FROM files WHERE folder_id IS NULL AND user_id = :user_id
[23-Dec-2025 15:48:39 Etc/GMT-3] Params: Array
(
    [:user_id] => 3
)

[23-Dec-2025 15:48:39 Etc/GMT-3] SQL: SELECT * FROM folders WHERE parent_id IS NULL AND user_id = :user_id
[23-Dec-2025 15:48:39 Etc/GMT-3] Params: Array
(
    [:user_id] => 3
)

[23-Dec-2025 15:48:39 Etc/GMT-3] SQL: SELECT * FROM shared_files WHERE shared_with_email = :shared_with_email
[23-Dec-2025 15:48:39 Etc/GMT-3] Params: Array
(
    [:shared_with_email] => klish91@inbox.ru
)

[23-Dec-2025 15:48:39 Etc/GMT-3] SQL: SELECT * FROM shared_folders WHERE shared_with_email = :shared_with_email
[23-Dec-2025 15:48:39 Etc/GMT-3] Params: Array
(
    [:shared_with_email] => klish91@inbox.ru
)

[23-Dec-2025 15:48:46 Etc/GMT-3] SQL: SELECT * FROM shared_folders WHERE folder_id = :folder_id AND shared_with_email = :shared_with_email
[23-Dec-2025 15:48:46 Etc/GMT-3] Params: Array
(
    [:folder_id] => 3
    [:shared_with_email] => klish91@inbox.ru
)

[23-Dec-2025 15:48:46 Etc/GMT-3] SQL: SELECT * FROM files WHERE folder_id = :folder_id AND user_id = :user_id
[23-Dec-2025 15:48:46 Etc/GMT-3] Params: Array
(
    [:folder_id] => 3
    [:user_id] => 3
)

[23-Dec-2025 15:48:46 Etc/GMT-3] SQL: SELECT * FROM folders WHERE parent_id = :parent_id AND user_id = :user_id
[23-Dec-2025 15:48:46 Etc/GMT-3] Params: Array
(
    [:parent_id] => 3
    [:user_id] => 3
)

[23-Dec-2025 15:48:46 Etc/GMT-3] SQL: SELECT * FROM shared_files WHERE shared_with_email = :shared_with_email
[23-Dec-2025 15:48:46 Etc/GMT-3] Params: Array
(
    [:shared_with_email] => klish91@inbox.ru
)

[23-Dec-2025 15:48:46 Etc/GMT-3] SQL: SELECT * FROM shared_folders WHERE shared_with_email = :shared_with_email
[23-Dec-2025 15:48:46 Etc/GMT-3] Params: Array
(
    [:shared_with_email] => klish91@inbox.ru
)

[23-Dec-2025 15:48:52 Etc/GMT-3] SQL: SELECT * FROM shared_folders WHERE folder_id = :folder_id AND shared_with_email = :shared_with_email
[23-Dec-2025 15:48:52 Etc/GMT-3] Params: Array
(
    [:folder_id] => 4
    [:shared_with_email] => test@test.ru
)

[23-Dec-2025 15:48:56 Etc/GMT-3] SQL: SELECT * FROM files WHERE folder_id IS NULL AND user_id = :user_id
[23-Dec-2025 15:48:56 Etc/GMT-3] Params: Array
(
    [:user_id] => 4
)

[23-Dec-2025 15:48:56 Etc/GMT-3] SQL: SELECT * FROM folders WHERE parent_id IS NULL AND user_id = :user_id
[23-Dec-2025 15:48:56 Etc/GMT-3] Params: Array
(
    [:user_id] => 4
)

[23-Dec-2025 15:48:56 Etc/GMT-3] SQL: SELECT * FROM shared_files WHERE shared_with_email = :shared_with_email
[23-Dec-2025 15:48:56 Etc/GMT-3] Params: Array
(
    [:shared_with_email] => test@test.ru
)

[23-Dec-2025 15:48:56 Etc/GMT-3] SQL: SELECT * FROM shared_folders WHERE shared_with_email = :shared_with_email
[23-Dec-2025 15:48:56 Etc/GMT-3] Params: Array
(
    [:shared_with_email] => test@test.ru
)

[23-Dec-2025 15:48:59 Etc/GMT-3] SQL: SELECT * FROM files WHERE folder_id IS NULL AND user_id = :user_id
[23-Dec-2025 15:48:59 Etc/GMT-3] Params: Array
(
    [:user_id] => 4
)

[23-Dec-2025 15:48:59 Etc/GMT-3] SQL: SELECT * FROM folders WHERE parent_id IS NULL AND user_id = :user_id
[23-Dec-2025 15:48:59 Etc/GMT-3] Params: Array
(
    [:user_id] => 4
)

[23-Dec-2025 15:48:59 Etc/GMT-3] SQL: SELECT * FROM shared_files WHERE shared_with_email = :shared_with_email
[23-Dec-2025 15:48:59 Etc/GMT-3] Params: Array
(
    [:shared_with_email] => test@test.ru
)

[23-Dec-2025 15:48:59 Etc/GMT-3] SQL: SELECT * FROM shared_folders WHERE shared_with_email = :shared_with_email
[23-Dec-2025 15:48:59 Etc/GMT-3] Params: Array
(
    [:shared_with_email] => test@test.ru
)

[23-Dec-2025 15:49:00 Etc/GMT-3] SQL: SELECT * FROM files WHERE folder_id IS NULL AND user_id = :user_id
[23-Dec-2025 15:49:00 Etc/GMT-3] Params: Array
(
    [:user_id] => 4
)

[23-Dec-2025 15:49:00 Etc/GMT-3] SQL: SELECT * FROM folders WHERE parent_id IS NULL AND user_id = :user_id
[23-Dec-2025 15:49:00 Etc/GMT-3] Params: Array
(
    [:user_id] => 4
)

[23-Dec-2025 15:49:00 Etc/GMT-3] SQL: SELECT * FROM shared_files WHERE shared_with_email = :shared_with_email
[23-Dec-2025 15:49:00 Etc/GMT-3] Params: Array
(
    [:shared_with_email] => test@test.ru
)

[23-Dec-2025 15:49:00 Etc/GMT-3] SQL: SELECT * FROM shared_folders WHERE shared_with_email = :shared_with_email
[23-Dec-2025 15:49:00 Etc/GMT-3] Params: Array
(
    [:shared_with_email] => test@test.ru
)

[23-Dec-2025 15:49:35 Etc/GMT-3] SQL: SELECT * FROM shared_resources_by_group WHERE resource_type = :resource_type AND resource_id = :resource_id AND group_id = :group_id
[23-Dec-2025 15:49:35 Etc/GMT-3] Params: Array
(
    [:resource_type] => folder
    [:resource_id] => 4
    [:group_id] => 1
)

[23-Dec-2025 15:49:35 Etc/GMT-3] SQL: SELECT * FROM folders WHERE parent_id = :parent_id
[23-Dec-2025 15:49:35 Etc/GMT-3] Params: Array
(
    [:parent_id] => 4
)

[23-Dec-2025 15:49:35 Etc/GMT-3] SQL: SELECT * FROM files WHERE folder_id = :folder_id
[23-Dec-2025 15:49:35 Etc/GMT-3] Params: Array
(
    [:folder_id] => 4
)

[23-Dec-2025 15:49:35 Etc/GMT-3] SQL: SELECT * FROM shared_resources_by_group WHERE resource_type = :resource_type AND resource_id = :resource_id AND group_id = :group_id
[23-Dec-2025 15:49:35 Etc/GMT-3] Params: Array
(
    [:resource_type] => file
    [:resource_id] => 10
    [:group_id] => 1
)

[23-Dec-2025 15:49:41 Etc/GMT-3] SQL: SELECT * FROM files WHERE folder_id IS NULL AND user_id = :user_id
[23-Dec-2025 15:49:41 Etc/GMT-3] Params: Array
(
    [:user_id] => 4
)

[23-Dec-2025 15:49:41 Etc/GMT-3] SQL: SELECT * FROM folders WHERE parent_id IS NULL AND user_id = :user_id
[23-Dec-2025 15:49:41 Etc/GMT-3] Params: Array
(
    [:user_id] => 4
)

[23-Dec-2025 15:49:41 Etc/GMT-3] SQL: SELECT * FROM shared_files WHERE shared_with_email = :shared_with_email
[23-Dec-2025 15:49:41 Etc/GMT-3] Params: Array
(
    [:shared_with_email] => test@test.ru
)

[23-Dec-2025 15:49:41 Etc/GMT-3] SQL: SELECT * FROM shared_folders WHERE shared_with_email = :shared_with_email
[23-Dec-2025 15:49:41 Etc/GMT-3] Params: Array
(
    [:shared_with_email] => test@test.ru
)

[23-Dec-2025 15:49:43 Etc/GMT-3] SQL: SELECT * FROM files WHERE folder_id IS NULL AND user_id = :user_id
[23-Dec-2025 15:49:43 Etc/GMT-3] Params: Array
(
    [:user_id] => 4
)

[23-Dec-2025 15:49:43 Etc/GMT-3] SQL: SELECT * FROM folders WHERE parent_id IS NULL AND user_id = :user_id
[23-Dec-2025 15:49:43 Etc/GMT-3] Params: Array
(
    [:user_id] => 4
)

[23-Dec-2025 15:49:43 Etc/GMT-3] SQL: SELECT * FROM shared_files WHERE shared_with_email = :shared_with_email
[23-Dec-2025 15:49:43 Etc/GMT-3] Params: Array
(
    [:shared_with_email] => test@test.ru
)

[23-Dec-2025 15:49:43 Etc/GMT-3] SQL: SELECT * FROM shared_folders WHERE shared_with_email = :shared_with_email
[23-Dec-2025 15:49:43 Etc/GMT-3] Params: Array
(
    [:shared_with_email] => test@test.ru
)

[23-Dec-2025 15:49:44 Etc/GMT-3] SQL: SELECT * FROM files WHERE folder_id IS NULL AND user_id = :user_id
[23-Dec-2025 15:49:44 Etc/GMT-3] Params: Array
(
    [:user_id] => 4
)

[23-Dec-2025 15:49:44 Etc/GMT-3] SQL: SELECT * FROM folders WHERE parent_id IS NULL AND user_id = :user_id
[23-Dec-2025 15:49:44 Etc/GMT-3] Params: Array
(
    [:user_id] => 4
)

[23-Dec-2025 15:49:44 Etc/GMT-3] SQL: SELECT * FROM shared_files WHERE shared_with_email = :shared_with_email
[23-Dec-2025 15:49:44 Etc/GMT-3] Params: Array
(
    [:shared_with_email] => test@test.ru
)

[23-Dec-2025 15:49:44 Etc/GMT-3] SQL: SELECT * FROM shared_folders WHERE shared_with_email = :shared_with_email
[23-Dec-2025 15:49:44 Etc/GMT-3] Params: Array
(
    [:shared_with_email] => test@test.ru
)

[23-Dec-2025 15:49:46 Etc/GMT-3] SQL: SELECT * FROM files WHERE folder_id IS NULL AND user_id = :user_id
[23-Dec-2025 15:49:46 Etc/GMT-3] Params: Array
(
    [:user_id] => 4
)

[23-Dec-2025 15:49:46 Etc/GMT-3] SQL: SELECT * FROM folders WHERE parent_id IS NULL AND user_id = :user_id
[23-Dec-2025 15:49:46 Etc/GMT-3] Params: Array
(
    [:user_id] => 4
)

[23-Dec-2025 15:49:46 Etc/GMT-3] SQL: SELECT * FROM shared_files WHERE shared_with_email = :shared_with_email
[23-Dec-2025 15:49:46 Etc/GMT-3] Params: Array
(
    [:shared_with_email] => test@test.ru
)

[23-Dec-2025 15:49:46 Etc/GMT-3] SQL: SELECT * FROM shared_folders WHERE shared_with_email = :shared_with_email
[23-Dec-2025 15:49:46 Etc/GMT-3] Params: Array
(
    [:shared_with_email] => test@test.ru
)

[23-Dec-2025 15:49:47 Etc/GMT-3] SQL: SELECT * FROM files WHERE folder_id IS NULL AND user_id = :user_id
[23-Dec-2025 15:49:47 Etc/GMT-3] Params: Array
(
    [:user_id] => 4
)

[23-Dec-2025 15:49:47 Etc/GMT-3] SQL: SELECT * FROM folders WHERE parent_id IS NULL AND user_id = :user_id
[23-Dec-2025 15:49:47 Etc/GMT-3] Params: Array
(
    [:user_id] => 4
)

[23-Dec-2025 15:49:47 Etc/GMT-3] SQL: SELECT * FROM shared_files WHERE shared_with_email = :shared_with_email
[23-Dec-2025 15:49:47 Etc/GMT-3] Params: Array
(
    [:shared_with_email] => test@test.ru
)

[23-Dec-2025 15:49:47 Etc/GMT-3] SQL: SELECT * FROM shared_folders WHERE shared_with_email = :shared_with_email
[23-Dec-2025 15:49:47 Etc/GMT-3] Params: Array
(
    [:shared_with_email] => test@test.ru
)

[23-Dec-2025 15:49:55 Etc/GMT-3] SQL: SELECT * FROM shared_files WHERE file_id = :file_id AND shared_with_email = :shared_with_email
[23-Dec-2025 15:49:55 Etc/GMT-3] Params: Array
(
    [:file_id] => 9
    [:shared_with_email] => test@test.ru
)

[23-Dec-2025 15:49:57 Etc/GMT-3] SQL: SELECT * FROM files WHERE folder_id IS NULL AND user_id = :user_id
[23-Dec-2025 15:49:57 Etc/GMT-3] Params: Array
(
    [:user_id] => 4
)

[23-Dec-2025 15:49:57 Etc/GMT-3] SQL: SELECT * FROM folders WHERE parent_id IS NULL AND user_id = :user_id
[23-Dec-2025 15:49:57 Etc/GMT-3] Params: Array
(
    [:user_id] => 4
)

[23-Dec-2025 15:49:57 Etc/GMT-3] SQL: SELECT * FROM shared_files WHERE shared_with_email = :shared_with_email
[23-Dec-2025 15:49:57 Etc/GMT-3] Params: Array
(
    [:shared_with_email] => test@test.ru
)

[23-Dec-2025 15:49:57 Etc/GMT-3] SQL: SELECT * FROM shared_folders WHERE shared_with_email = :shared_with_email
[23-Dec-2025 15:49:57 Etc/GMT-3] Params: Array
(
    [:shared_with_email] => test@test.ru
)

[23-Dec-2025 15:50:00 Etc/GMT-3] SQL: SELECT * FROM files WHERE folder_id IS NULL AND user_id = :user_id
[23-Dec-2025 15:50:00 Etc/GMT-3] Params: Array
(
    [:user_id] => 4
)

[23-Dec-2025 15:50:00 Etc/GMT-3] SQL: SELECT * FROM folders WHERE parent_id IS NULL AND user_id = :user_id
[23-Dec-2025 15:50:00 Etc/GMT-3] Params: Array
(
    [:user_id] => 4
)

[23-Dec-2025 15:50:00 Etc/GMT-3] SQL: SELECT * FROM shared_files WHERE shared_with_email = :shared_with_email
[23-Dec-2025 15:50:00 Etc/GMT-3] Params: Array
(
    [:shared_with_email] => test@test.ru
)

[23-Dec-2025 15:50:00 Etc/GMT-3] SQL: SELECT * FROM shared_folders WHERE shared_with_email = :shared_with_email
[23-Dec-2025 15:50:00 Etc/GMT-3] Params: Array
(
    [:shared_with_email] => test@test.ru
)

[23-Dec-2025 15:50:01 Etc/GMT-3] SQL: SELECT * FROM files WHERE folder_id IS NULL AND user_id = :user_id
[23-Dec-2025 15:50:01 Etc/GMT-3] Params: Array
(
    [:user_id] => 4
)

[23-Dec-2025 15:50:01 Etc/GMT-3] SQL: SELECT * FROM folders WHERE parent_id IS NULL AND user_id = :user_id
[23-Dec-2025 15:50:01 Etc/GMT-3] Params: Array
(
    [:user_id] => 4
)

[23-Dec-2025 15:50:01 Etc/GMT-3] SQL: SELECT * FROM shared_files WHERE shared_with_email = :shared_with_email
[23-Dec-2025 15:50:01 Etc/GMT-3] Params: Array
(
    [:shared_with_email] => test@test.ru
)

[23-Dec-2025 15:50:01 Etc/GMT-3] SQL: SELECT * FROM shared_folders WHERE shared_with_email = :shared_with_email
[23-Dec-2025 15:50:01 Etc/GMT-3] Params: Array
(
    [:shared_with_email] => test@test.ru
)

[23-Dec-2025 15:50:02 Etc/GMT-3] SQL: SELECT * FROM files WHERE folder_id IS NULL AND user_id = :user_id
[23-Dec-2025 15:50:02 Etc/GMT-3] Params: Array
(
    [:user_id] => 4
)

[23-Dec-2025 15:50:02 Etc/GMT-3] SQL: SELECT * FROM folders WHERE parent_id IS NULL AND user_id = :user_id
[23-Dec-2025 15:50:02 Etc/GMT-3] Params: Array
(
    [:user_id] => 4
)

[23-Dec-2025 15:50:02 Etc/GMT-3] SQL: SELECT * FROM shared_files WHERE shared_with_email = :shared_with_email
[23-Dec-2025 15:50:02 Etc/GMT-3] Params: Array
(
    [:shared_with_email] => test@test.ru
)

[23-Dec-2025 15:50:02 Etc/GMT-3] SQL: SELECT * FROM shared_folders WHERE shared_with_email = :shared_with_email
[23-Dec-2025 15:50:02 Etc/GMT-3] Params: Array
(
    [:shared_with_email] => test@test.ru
)

[23-Dec-2025 15:50:03 Etc/GMT-3] SQL: SELECT * FROM files WHERE folder_id IS NULL AND user_id = :user_id
[23-Dec-2025 15:50:03 Etc/GMT-3] Params: Array
(
    [:user_id] => 4
)

[23-Dec-2025 15:50:03 Etc/GMT-3] SQL: SELECT * FROM folders WHERE parent_id IS NULL AND user_id = :user_id
[23-Dec-2025 15:50:03 Etc/GMT-3] Params: Array
(
    [:user_id] => 4
)

[23-Dec-2025 15:50:03 Etc/GMT-3] SQL: SELECT * FROM shared_files WHERE shared_with_email = :shared_with_email
[23-Dec-2025 15:50:03 Etc/GMT-3] Params: Array
(
    [:shared_with_email] => test@test.ru
)

[23-Dec-2025 15:50:03 Etc/GMT-3] SQL: SELECT * FROM shared_folders WHERE shared_with_email = :shared_with_email
[23-Dec-2025 15:50:03 Etc/GMT-3] Params: Array
(
    [:shared_with_email] => test@test.ru
)

[23-Dec-2025 15:50:03 Etc/GMT-3] SQL: SELECT * FROM files WHERE folder_id IS NULL AND user_id = :user_id
[23-Dec-2025 15:50:03 Etc/GMT-3] Params: Array
(
    [:user_id] => 4
)

[23-Dec-2025 15:50:03 Etc/GMT-3] SQL: SELECT * FROM folders WHERE parent_id IS NULL AND user_id = :user_id
[23-Dec-2025 15:50:03 Etc/GMT-3] Params: Array
(
    [:user_id] => 4
)

[23-Dec-2025 15:50:03 Etc/GMT-3] SQL: SELECT * FROM shared_files WHERE shared_with_email = :shared_with_email
[23-Dec-2025 15:50:03 Etc/GMT-3] Params: Array
(
    [:shared_with_email] => test@test.ru
)

[23-Dec-2025 15:50:03 Etc/GMT-3] SQL: SELECT * FROM shared_folders WHERE shared_with_email = :shared_with_email
[23-Dec-2025 15:50:03 Etc/GMT-3] Params: Array
(
    [:shared_with_email] => test@test.ru
)

[23-Dec-2025 15:50:05 Etc/GMT-3] SQL: SELECT * FROM files WHERE folder_id IS NULL AND user_id = :user_id
[23-Dec-2025 15:50:05 Etc/GMT-3] Params: Array
(
    [:user_id] => 3
)

[23-Dec-2025 15:50:05 Etc/GMT-3] SQL: SELECT * FROM folders WHERE parent_id IS NULL AND user_id = :user_id
[23-Dec-2025 15:50:05 Etc/GMT-3] Params: Array
(
    [:user_id] => 3
)

[23-Dec-2025 15:50:05 Etc/GMT-3] SQL: SELECT * FROM shared_files WHERE shared_with_email = :shared_with_email
[23-Dec-2025 15:50:05 Etc/GMT-3] Params: Array
(
    [:shared_with_email] => klish91@inbox.ru
)

[23-Dec-2025 15:50:05 Etc/GMT-3] SQL: SELECT * FROM shared_folders WHERE shared_with_email = :shared_with_email
[23-Dec-2025 15:50:05 Etc/GMT-3] Params: Array
(
    [:shared_with_email] => klish91@inbox.ru
)

[23-Dec-2025 15:50:10 Etc/GMT-3] SQL: SELECT * FROM shared_files WHERE file_id = :file_id AND shared_with_email = :shared_with_email
[23-Dec-2025 15:50:10 Etc/GMT-3] Params: Array
(
    [:file_id] => 8
    [:shared_with_email] => test@test.ru
)

[23-Dec-2025 15:50:14 Etc/GMT-3] SQL: SELECT * FROM files WHERE folder_id IS NULL AND user_id = :user_id
[23-Dec-2025 15:50:14 Etc/GMT-3] Params: Array
(
    [:user_id] => 4
)

[23-Dec-2025 15:50:14 Etc/GMT-3] SQL: SELECT * FROM folders WHERE parent_id IS NULL AND user_id = :user_id
[23-Dec-2025 15:50:14 Etc/GMT-3] Params: Array
(
    [:user_id] => 4
)

[23-Dec-2025 15:50:14 Etc/GMT-3] SQL: SELECT * FROM shared_files WHERE shared_with_email = :shared_with_email
[23-Dec-2025 15:50:14 Etc/GMT-3] Params: Array
(
    [:shared_with_email] => test@test.ru
)

[23-Dec-2025 15:50:14 Etc/GMT-3] SQL: SELECT * FROM shared_folders WHERE shared_with_email = :shared_with_email
[23-Dec-2025 15:50:14 Etc/GMT-3] Params: Array
(
    [:shared_with_email] => test@test.ru
)

